Determining if the pthread_create exist failed with the following output:
Change Dir: /home/aaron/Desktop/Y86_2/server/CMakeFiles/CMakeTmp

Run Build Command:"/usr/bin/make" "cmTC_0e372/fast"
/usr/bin/make -f CMakeFiles/cmTC_0e372.dir/build.make CMakeFiles/cmTC_0e372.dir/build
make[1]: Entering directory '/home/aaron/Desktop/Y86_2/server/CMakeFiles/CMakeTmp'
Building C object CMakeFiles/cmTC_0e372.dir/CheckSymbolExists.c.o
/usr/bin/cc     -o CMakeFiles/cmTC_0e372.dir/CheckSymbolExists.c.o   -c /home/aaron/Desktop/Y86_2/server/CMakeFiles/CMakeTmp/CheckSymbolExists.c
Linking C executable cmTC_0e372
/usr/local/bin/cmake -E cmake_link_script CMakeFiles/cmTC_0e372.dir/link.txt --verbose=1
/usr/bin/cc       CMakeFiles/cmTC_0e372.dir/CheckSymbolExists.c.o  -o cmTC_0e372 
CMakeFiles/cmTC_0e372.dir/CheckSymbolExists.c.o: In function `main':
CheckSymbolExists.c:(.text+0x16): undefined reference to `pthread_create'
collect2: error: ld returned 1 exit status
CMakeFiles/cmTC_0e372.dir/build.make:97: recipe for target 'cmTC_0e372' failed
make[1]: *** [cmTC_0e372] Error 1
make[1]: Leaving directory '/home/aaron/Desktop/Y86_2/server/CMakeFiles/CMakeTmp'
Makefile:126: recipe for target 'cmTC_0e372/fast' failed
make: *** [cmTC_0e372/fast] Error 2

File /home/aaron/Desktop/Y86_2/server/CMakeFiles/CMakeTmp/CheckSymbolExists.c:
/* */
#include <pthread.h>

int main(int argc, char** argv)
{
  (void)argv;
#ifndef pthread_create
  return ((int*)(&pthread_create))[argc];
#else
  (void)argc;
  return 0;
#endif
}

Determining if the function pthread_create exists in the pthreads failed with the following output:
Change Dir: /home/aaron/Desktop/Y86_2/server/CMakeFiles/CMakeTmp

Run Build Command:"/usr/bin/make" "cmTC_498ed/fast"
/usr/bin/make -f CMakeFiles/cmTC_498ed.dir/build.make CMakeFiles/cmTC_498ed.dir/build
make[1]: Entering directory '/home/aaron/Desktop/Y86_2/server/CMakeFiles/CMakeTmp'
Building C object CMakeFiles/cmTC_498ed.dir/CheckFunctionExists.c.o
/usr/bin/cc    -DCHECK_FUNCTION_EXISTS=pthread_create   -o CMakeFiles/cmTC_498ed.dir/CheckFunctionExists.c.o   -c /usr/local/share/cmake-3.7/Modules/CheckFunctionExists.c
Linking C executable cmTC_498ed
/usr/local/bin/cmake -E cmake_link_script CMakeFiles/cmTC_498ed.dir/link.txt --verbose=1
/usr/bin/cc   -DCHECK_FUNCTION_EXISTS=pthread_create    CMakeFiles/cmTC_498ed.dir/CheckFunctionExists.c.o  -o cmTC_498ed -lpthreads 
/usr/bin/ld: cannot find -lpthreads
collect2: error: ld returned 1 exit status
CMakeFiles/cmTC_498ed.dir/build.make:97: recipe for target 'cmTC_498ed' failed
make[1]: *** [cmTC_498ed] Error 1
make[1]: Leaving directory '/home/aaron/Desktop/Y86_2/server/CMakeFiles/CMakeTmp'
Makefile:126: recipe for target 'cmTC_498ed/fast' failed
make: *** [cmTC_498ed/fast] Error 2


